<?xml version="1.0" encoding="utf-8"?><testsuites name="pytest tests"><testsuite name="pytest" errors="0" failures="0" skipped="3" tests="14" time="2.650" timestamp="2026-04-17T18:23:36.819483+00:00" hostname="agent-env-8d64145d-ae05-419c-a3dc-e402433426cb"><testcase classname="backend.tests.test_ai_tryon.TestAITryOnEligibility" name="test_eligibility_locked_without_booking" time="0.613" /><testcase classname="backend.tests.test_ai_tryon.TestAITryOnEligibility" name="test_eligibility_requires_auth" time="0.056" /><testcase classname="backend.tests.test_ai_tryon.TestAITryOnEligibility" name="test_eligibility_unlocked_after_confirmed_booking" time="0.434"><skipped type="pytest.skip" message="Booking creation failed: {&quot;detail&quot;:&quot;This time slot is not available&quot;}">/app/backend/tests/test_ai_tryon.py:125: Booking creation failed: {"detail":"This time slot is not available"}</skipped></testcase><testcase classname="backend.tests.test_ai_tryon.TestAITryOnPresets" name="test_presets_male_english" time="0.047" /><testcase classname="backend.tests.test_ai_tryon.TestAITryOnPresets" name="test_presets_female_english" time="0.061" /><testcase classname="backend.tests.test_ai_tryon.TestAITryOnPresets" name="test_presets_arabic" time="0.053" /><testcase classname="backend.tests.test_ai_tryon.TestAITryOnSessions" name="test_my_sessions_empty_initially" time="0.054" /><testcase classname="backend.tests.test_ai_tryon.TestAITryOnSessions" name="test_my_sessions_requires_auth" time="0.047" /><testcase classname="backend.tests.test_ai_tryon.TestAITryOnGenerate" name="test_generate_requires_auth" time="0.053" /><testcase classname="backend.tests.test_ai_tryon.TestAITryOnGenerate" name="test_generate_requires_valid_booking" time="0.053" /><testcase classname="backend.tests.test_ai_tryon.TestAITryOnGenerate" name="test_generate_requires_confirmed_booking" time="0.055"><skipped type="pytest.skip" message="Booking creation failed: {&quot;detail&quot;:&quot;This time slot is not available&quot;}">/app/backend/tests/test_ai_tryon.py:280: Booking creation failed: {"detail":"This time slot is not available"}</skipped></testcase><testcase classname="backend.tests.test_ai_tryon.TestAITryOnGenerate" name="test_generate_requires_image" time="0.050"><skipped type="pytest.skip" message="Booking creation failed: {&quot;detail&quot;:&quot;This time slot is not available&quot;}">/app/backend/tests/test_ai_tryon.py:308: Booking creation failed: {"detail":"This time slot is not available"}</skipped></testcase><testcase classname="backend.tests.test_ai_tryon.TestAITryOnLimits" name="test_max_attempts_per_booking_is_5" time="0.050" /><testcase classname="backend.tests.test_ai_tryon.TestAITryOnIntegration" name="test_full_tryon_flow_structure" time="0.974" /></testsuite></testsuites>