<?xml version="1.0" encoding="utf-8"?><testsuites name="pytest tests"><testsuite name="pytest" errors="0" failures="0" skipped="0" tests="25" time="2.797" timestamp="2026-04-20T00:19:23.398072+00:00" hostname="agent-env-12e85691-7dd4-4489-9250-2ad30f0a7e7e"><testcase classname="backend.tests.test_phase4_phase5.TestSponsoredPlans" name="test_list_plans" time="0.135" /><testcase classname="backend.tests.test_phase4_phase5.TestRanking" name="test_global_ranking_sorted" time="0.058" /><testcase classname="backend.tests.test_phase4_phase5.TestRanking" name="test_scope_city_requires_country_and_city" time="0.102" /><testcase classname="backend.tests.test_phase4_phase5.TestRanking" name="test_scope_country_requires_country" time="0.044" /><testcase classname="backend.tests.test_phase4_phase5.TestRanking" name="test_scope_city_ok" time="0.371" /><testcase classname="backend.tests.test_phase4_phase5.TestRanking" name="test_scope_country_pins_sponsored" time="0.048" /><testcase classname="backend.tests.test_phase4_phase5.TestSponsoredRequestFlow" name="test_request_invalid_plan" time="0.315" /><testcase classname="backend.tests.test_phase4_phase5.TestSponsoredRequestFlow" name="test_request_requires_barbershop_auth" time="0.318" /><testcase classname="backend.tests.test_phase4_phase5.TestSponsoredRequestFlow" name="test_create_pending_ad" time="0.055" /><testcase classname="backend.tests.test_phase4_phase5.TestSponsoredRequestFlow" name="test_my_sponsored_contains_new_ad" time="0.048" /><testcase classname="backend.tests.test_phase4_phase5.TestSponsoredRequestFlow" name="test_admin_list_pending_contains_ad" time="0.323" /><testcase classname="backend.tests.test_phase4_phase5.TestSponsoredRequestFlow" name="test_admin_approve_activates_ad" time="0.053" /><testcase classname="backend.tests.test_phase4_phase5.TestSponsoredRequestFlow" name="test_approve_already_active_returns_400" time="0.047" /><testcase classname="backend.tests.test_phase4_phase5.TestSponsoredRequestFlow" name="test_active_list_filters" time="0.110" /><testcase classname="backend.tests.test_phase4_phase5.TestSponsoredRequestFlow" name="test_reject_flow" time="0.097" /><testcase classname="backend.tests.test_phase4_phase5.TestShopStats" name="test_stats_requires_shop" time="0.060" /><testcase classname="backend.tests.test_phase4_phase5.TestShopStats" name="test_stats_structure" time="0.045" /><testcase classname="backend.tests.test_phase4_phase5.TestLeaveCalendar" name="test_leave_requires_shop" time="0.046" /><testcase classname="backend.tests.test_phase4_phase5.TestLeaveCalendar" name="test_leave_set_and_fetch" time="0.090" /><testcase classname="backend.tests.test_phase4_phase5.TestLeaveCalendar" name="test_leave_missing_shop_404" time="0.048" /><testcase classname="backend.tests.test_phase4_phase5.TestAreaSearch" name="test_search_by_area_matches_seed_village" time="0.050" /><testcase classname="backend.tests.test_phase4_phase5.TestAreaSearch" name="test_search_by_area_neighborhood" time="0.046" /><testcase classname="backend.tests.test_phase4_phase5.TestAreaSearch" name="test_search_by_area_case_insensitive" time="0.099" /><testcase classname="backend.tests.test_phase4_phase5.TestAreaSearch" name="test_search_by_search_param_matches_neighborhood" time="0.050" /><testcase classname="backend.tests.test_phase4_phase5.TestAreaSearch" name="test_search_empty_area_returns_list" time="0.073" /></testsuite></testsuites>