<?xml version="1.0" encoding="utf-8"?><testsuites name="pytest tests"><testsuite name="pytest" errors="0" failures="0" skipped="0" tests="18" time="6.344" timestamp="2026-04-19T23:57:42.645472+00:00" hostname="agent-env-12e85691-7dd4-4489-9250-2ad30f0a7e7e"><testcase classname="backend.tests.test_phase3_orders.TestProductsPhase3" name="test_create_product_with_shipping_options" time="1.058" /><testcase classname="backend.tests.test_phase3_orders.TestProductsPhase3" name="test_create_product_default_pickup_when_omitted" time="0.103" /><testcase classname="backend.tests.test_phase3_orders.TestProductsPhase3" name="test_max_10_products_limit" time="1.509" /><testcase classname="backend.tests.test_phase3_orders.TestOrdersPhase3" name="test_create_order_as_guest" time="0.122" /><testcase classname="backend.tests.test_phase3_orders.TestOrdersPhase3" name="test_create_order_as_user_awards_loyalty" time="0.418" /><testcase classname="backend.tests.test_phase3_orders.TestOrdersPhase3" name="test_order_invalid_shipping_method" time="0.108" /><testcase classname="backend.tests.test_phase3_orders.TestOrdersPhase3" name="test_order_missing_customer_phone_guest" time="0.113" /><testcase classname="backend.tests.test_phase3_orders.TestOrdersPhase3" name="test_get_my_orders_as_user" time="0.125" /><testcase classname="backend.tests.test_phase3_orders.TestOrdersPhase3" name="test_get_my_orders_forbidden_for_shop" time="0.117" /><testcase classname="backend.tests.test_phase3_orders.TestOrdersPhase3" name="test_get_shop_orders" time="0.120" /><testcase classname="backend.tests.test_phase3_orders.TestOrdersPhase3" name="test_get_shop_orders_requires_shop_auth" time="0.115" /><testcase classname="backend.tests.test_phase3_orders.TestOrdersPhase3" name="test_update_order_status_flow" time="0.457" /><testcase classname="backend.tests.test_phase3_orders.TestOrdersPhase3" name="test_update_order_status_invalid" time="0.100" /><testcase classname="backend.tests.test_phase3_orders.TestOrdersPhase3" name="test_order_detail_owner_access" time="0.234" /><testcase classname="backend.tests.test_phase3_orders.TestOrdersPhase3" name="test_order_detail_forbidden_for_other_user" time="0.482" /><testcase classname="backend.tests.test_phase3_orders.TestOrdersPhase3" name="test_cancel_order_by_customer" time="0.230" /><testcase classname="backend.tests.test_phase3_orders.TestOrdersPhase3" name="test_cancel_order_forbidden_for_other_user" time="0.436" /><testcase classname="backend.tests.test_phase3_orders.TestBarberProfileLocation" name="test_profile_location_sync" time="0.455" /></testsuite></testsuites>