<?xml version="1.0" encoding="utf-8"?><testsuites name="pytest tests"><testsuite name="pytest" errors="0" failures="0" skipped="0" tests="14" time="31.292" timestamp="2026-04-17T17:58:31.309325+00:00" hostname="agent-env-8d64145d-ae05-419c-a3dc-e402433426cb"><testcase classname="backend.tests.test_ai_advisor.TestAIAdvisorEligibility" name="test_eligibility_locked_without_booking" time="0.568" /><testcase classname="backend.tests.test_ai_advisor.TestAIAdvisorEligibility" name="test_eligibility_unlocked_after_confirmed_booking" time="0.747" /><testcase classname="backend.tests.test_ai_advisor.TestAIAdvisorCache" name="test_duplicate_analysis_returns_409" time="26.096" /><testcase classname="backend.tests.test_ai_advisor.TestWhatsAppShare" name="test_whatsapp_share_endpoint_exists" time="0.047" /><testcase classname="backend.tests.test_ai_advisor.TestWhatsAppShare" name="test_whatsapp_share_returns_valid_link" time="0.328" /><testcase classname="backend.tests.test_ai_advisor.TestAIAdvisorMyAdvice" name="test_my_advice_returns_list" time="0.326" /><testcase classname="backend.tests.test_dashboard_extensions.TestServicesManagement" name="test_create_service" time="0.378" /><testcase classname="backend.tests.test_dashboard_extensions.TestServicesManagement" name="test_get_my_services" time="0.316" /><testcase classname="backend.tests.test_dashboard_extensions.TestServicesManagement" name="test_update_service" time="0.426" /><testcase classname="backend.tests.test_dashboard_extensions.TestServicesManagement" name="test_delete_service" time="0.416" /><testcase classname="backend.tests.test_dashboard_extensions.TestSocialMediaManagement" name="test_update_social_media_all_platforms" time="0.319" /><testcase classname="backend.tests.test_dashboard_extensions.TestSocialMediaManagement" name="test_update_partial_social_media" time="0.323" /><testcase classname="backend.tests.test_dashboard_extensions.TestSocialMediaManagement" name="test_social_media_persists_in_profile" time="0.385" /><testcase classname="backend.tests.test_dashboard_extensions.TestGalleryImagesLimit" name="test_gallery_allows_up_to_10_images" time="0.572" /></testsuite></testsuites>