<?xml version="1.0" encoding="utf-8"?><testsuites name="pytest tests"><testsuite name="pytest" errors="0" failures="0" skipped="0" tests="17" time="2.381" timestamp="2026-04-22T13:32:03.903529+00:00" hostname="agent-env-8a6e57e5-3989-4f4d-92e6-a5342686da8e"><testcase classname="backend.tests.test_v391_subscriptions.TestSubscriptionPlans" name="test_plans_sy_returns_plans_wrapper" time="0.188" /><testcase classname="backend.tests.test_v391_subscriptions.TestSubscriptionPlans" name="test_plans_unknown_country_falls_back_to_global" time="0.056" /><testcase classname="backend.tests.test_v391_subscriptions.TestSubscriptionPlans" name="test_plans_no_filter_returns_all" time="0.057" /><testcase classname="backend.tests.test_v391_subscriptions.TestTransferRecipients" name="test_public_transfer_recipients_shape" time="0.058" /><testcase classname="backend.tests.test_v391_subscriptions.TestSubscriptionOrders" name="test_create_order_syriatel_cash_happy" time="0.398" /><testcase classname="backend.tests.test_v391_subscriptions.TestSubscriptionOrders" name="test_create_order_exchange_requires_exchange_id" time="0.053" /><testcase classname="backend.tests.test_v391_subscriptions.TestSubscriptionOrders" name="test_create_order_invalid_exchange_id_404" time="0.071" /><testcase classname="backend.tests.test_v391_subscriptions.TestSubscriptionOrders" name="test_create_order_invalid_plan_404" time="0.059" /><testcase classname="backend.tests.test_v391_subscriptions.TestSubscriptionOrders" name="test_create_order_missing_receipt_400" time="0.068" /><testcase classname="backend.tests.test_v391_subscriptions.TestSubscriptionOrders" name="test_create_order_plain_text_receipt_400" time="0.054" /><testcase classname="backend.tests.test_v391_subscriptions.TestSubscriptionOrders" name="test_my_orders_lists_and_excludes_receipt" time="0.056" /><testcase classname="backend.tests.test_v391_subscriptions.TestSubscriptionOrders" name="test_admin_list_orders_with_wa_link" time="0.332" /><testcase classname="backend.tests.test_v391_subscriptions.TestSubscriptionOrders" name="test_admin_list_requires_admin" time="0.053" /><testcase classname="backend.tests.test_v391_subscriptions.TestSubscriptionOrders" name="test_admin_approve_activates_salon" time="0.220" /><testcase classname="backend.tests.test_v391_subscriptions.TestVacation" name="test_vacation_on_hides_from_listing_and_search" time="0.312" /><testcase classname="backend.tests.test_v391_subscriptions.TestVacation" name="test_vacation_off_appears_in_listing" time="0.206" /><testcase classname="backend.tests.test_v391_subscriptions.TestWorkingHours" name="test_put_working_hours_persists_closed_flag" time="0.115" /></testsuite></testsuites>