<?xml version="1.0" encoding="utf-8"?><testsuites name="pytest tests"><testsuite name="pytest" errors="0" failures="0" skipped="0" tests="23" time="3.035" timestamp="2026-04-22T14:16:31.816096+00:00" hostname="agent-env-8a6e57e5-3989-4f4d-92e6-a5342686da8e"><testcase classname="tests.test_v393_backend.TestVacationRouter" name="test_vacation_on" time="0.628" /><testcase classname="tests.test_v393_backend.TestVacationRouter" name="test_vacation_off" time="0.061" /><testcase classname="tests.test_v393_backend.TestVacationRouter" name="test_vacation_with_messages" time="0.061" /><testcase classname="tests.test_v393_backend.TestBillingCycle" name="test_yearly_picks_yearly_price" time="0.106" /><testcase classname="tests.test_v393_backend.TestBillingCycle" name="test_monthly_picks_monthly_price" time="0.095" /><testcase classname="tests.test_v393_backend.TestBillingCycle" name="test_invalid_cycle_weekly_rejected" time="0.060" /><testcase classname="tests.test_v393_backend.TestBillingCycle" name="test_yearly_on_plan_without_yearly_price_falls_back" time="0.057" /><testcase classname="tests.test_v393_backend.TestAdminApproveDurations" name="test_approve_yearly_without_duration_gives_365_plus_trial" time="0.416" /><testcase classname="tests.test_v393_backend.TestAdminApproveDurations" name="test_approve_monthly_without_duration_gives_30_plus_trial" time="0.162" /><testcase classname="tests.test_v393_backend.TestAdminApproveDurations" name="test_admin_detail_includes_wa_link" time="0.113" /><testcase classname="tests.test_v393_backend.TestListingFilters" name="test_barbers_hides_vacation" time="0.200" /><testcase classname="tests.test_v393_backend.TestListingFilters" name="test_barbers_shows_after_vacation_off" time="0.060" /><testcase classname="tests.test_v393_backend.TestListingFilters" name="test_nearby_hides_vacation" time="0.163" /><testcase classname="tests.test_v393_backend.TestListingFilters" name="test_ranking_top_filters_vacation" time="0.174" /><testcase classname="tests.test_v393_backend.TestListingFilters" name="test_ranking_tiers_filters_vacation" time="0.167" /><testcase classname="tests.test_v393_backend.TestGenderSegregation" name="test_barbers_type_male_only_male" time="0.057" /><testcase classname="tests.test_v393_backend.TestGenderSegregation" name="test_barbers_type_female_excludes_male" time="0.053" /><testcase classname="tests.test_v393_backend.TestGenderSegregation" name="test_nearby_type_female_excludes_male" time="0.054" /><testcase classname="tests.test_v393_backend.TestGenderSegregation" name="test_barbershops_type_female_excludes_male" time="0.058" /><testcase classname="tests.test_v393_backend.TestGenderSegregation" name="test_search_barbers_type_female_excludes_male" time="0.057" /><testcase classname="tests.test_v393_backend.TestReceiptValidation" name="test_gif_rejected" time="0.055" /><testcase classname="tests.test_v393_backend.TestReceiptValidation" name="test_invalid_base64_rejected" time="0.055" /><testcase classname="tests.test_v393_backend.TestReceiptValidation" name="test_tiny_image_rejected" time="0.063" /></testsuite></testsuites>