<?xml version="1.0" encoding="utf-8"?><testsuites name="pytest tests"><testsuite name="pytest" errors="0" failures="1" skipped="0" tests="13" time="3.014" timestamp="2026-04-22T14:31:53.454455+00:00" hostname="agent-env-8a6e57e5-3989-4f4d-92e6-a5342686da8e"><testcase classname="backend.tests.test_v394_backend.TestLoginContract" name="test_salon_login_shape" time="0.507" /><testcase classname="backend.tests.test_v394_backend.TestLoginContract" name="test_admin_login_shape" time="0.307" /><testcase classname="backend.tests.test_v394_backend.TestLoginContract" name="test_invalid_credentials_401" time="0.275" /><testcase classname="backend.tests.test_v394_backend.TestRegisterShopType" name="test_register_female_salon_persists_shop_type" time="0.294" /><testcase classname="backend.tests.test_v394_backend.TestRegisterShopType" name="test_register_male_default_works" time="0.326" /><testcase classname="backend.tests.test_v394_backend.TestBarberProfileMe" name="test_profile_me_with_bearer_200" time="0.342" /><testcase classname="backend.tests.test_v394_backend.TestBarberProfileMe" name="test_profile_me_without_token_401" time="0.049" /><testcase classname="backend.tests.test_v394_backend.TestBarberProfileMe" name="test_profile_me_bad_token_401" time="0.069" /><testcase classname="backend.tests.test_v394_backend.TestVacationAutoReopen" name="test_vacation_until_past_accepted_and_sweep_query_shape" time="0.225" /><testcase classname="backend.tests.test_v394_backend.TestVacationAutoReopen" name="test_vacation_until_field_exposed_on_profile" time="0.051" /><testcase classname="backend.tests.test_v394_backend.TestV393Regression" name="test_barbers_type_female_excludes_male_salon" time="0.049" /><testcase classname="backend.tests.test_v394_backend.TestV393Regression" name="test_subscription_orders_invalid_cycle_rejected" time="0.112"><failure message="AssertionError: {&quot;detail&quot;:[{&quot;type&quot;:&quot;missing&quot;,&quot;loc&quot;:[&quot;body&quot;,&quot;payment_method&quot;],&quot;msg&quot;:&quot;Field required&quot;,&quot;input&quot;:{&quot;plan_id&quot;:&quot;2b31e819-4e86-4781-a51d-927a72cf5445&quot;,&quot;billing_cycle&quot;:&quot;weekly&quot;,&quot;amount&quot;:1,&quot;currency&quot;:&quot;SYP&quot;,&quot;receipt_image&quot;:&quot;data:image/jpeg;base64,/9j/4EFBQUFBQUFBQUFBQUFBQUFBQUFBQUFBQUFBQUFBQUFBQUFBQUFBQUFBQUFBQUFBQUFBQUFBQUFBQUFBQUFBQUFBQUFBQUFBQUFBQUFBQUFBQUFBQUFBQUFBQUFBQUFBQUFBQUFBQUFBQUFBQUFBQUFBQUFBQUFBQUFBQUFBQUFBQUFBQUFBQUFBQUFBQUFBQUFBQUFBQUFBQUFBQUFBQUFBQUFBQUFBQUFBQUFBQUFBQUFBQUFBQUFBQUFBQUFBQUFBQUFBQUFB/9k=&quot;,&quot;notes&quot;:&quot;TEST_v394_invalid_cycle&quot;},&quot;url&quot;:&quot;https://errors.pydantic.dev/2.12/v/missing&quot;}]}&#10;assert 422 == 400&#10; +  where 422 = &lt;Response [422]&gt;.status_code">backend/tests/test_v394_backend.py:248: in test_subscription_orders_invalid_cycle_rejected
    assert r.status_code == 400, r.text
E   AssertionError: {"detail":[{"type":"missing","loc":["body","payment_method"],"msg":"Field required","input":{"plan_id":"2b31e819-4e86-4781-a51d-927a72cf5445","billing_cycle":"weekly","amount":1,"currency":"SYP","receipt_image":"data:image/jpeg;base64,/9j/4EFBQUFBQUFBQUFBQUFBQUFBQUFBQUFBQUFBQUFBQUFBQUFBQUFBQUFBQUFBQUFBQUFBQUFBQUFBQUFBQUFBQUFBQUFBQUFBQUFBQUFBQUFBQUFBQUFBQUFBQUFBQUFBQUFBQUFBQUFBQUFBQUFBQUFBQUFBQUFBQUFBQUFBQUFBQUFBQUFBQUFBQUFBQUFBQUFBQUFBQUFBQUFBQUFBQUFBQUFBQUFBQUFBQUFBQUFBQUFBQUFBQUFBQUFBQUFBQUFBQUFBQUFB/9k=","notes":"TEST_v394_invalid_cycle"},"url":"https://errors.pydantic.dev/2.12/v/missing"}]}
E   assert 422 == 400
E    +  where 422 = &lt;Response [422]&gt;.status_code</failure></testcase><testcase classname="backend.tests.test_v394_backend.TestV393Regression" name="test_admin_subscription_orders_wa_link" time="0.342" /></testsuite></testsuites>